This file contains any messages produced by compilers while
running configure, to aid debugging if configure makes a mistake.

It was created by OpenJDK configure jdk9, which was
generated by GNU Autoconf 2.69.  Invocation command line was

  $ /Users/Chao/openjdk9/configure --enable-option-checking=fatal --with-freetype-include=/usr/local/include/freetype2 --with-freetype-lib=/usr/local/lib --with-debug-level=slowdebug --with-native-debug-symbols=internal --disable-warnings-as-errors SEPARATED_DEBUGINFO_FILES=false

## --------- ##
## Platform. ##
## --------- ##

hostname = Charvis-MacBook-Pro.fritz.box
uname -m = x86_64
uname -r = 16.6.0
uname -s = Darwin
uname -v = Darwin Kernel Version 16.6.0: Fri Apr 14 16:21:16 PDT 2017; root:xnu-3789.60.24~6/RELEASE_X86_64

/usr/bin/uname -p = i386
/bin/uname -X     = unknown

/bin/arch              = unknown
/usr/bin/arch -k       = unknown
/usr/convex/getsysinfo = unknown
/usr/bin/hostinfo      = Mach kernel version:
	 Darwin Kernel Version 16.6.0: Fri Apr 14 16:21:16 PDT 2017; root:xnu-3789.60.24~6/RELEASE_X86_64
Kernel configured for up to 8 processors.
4 processors are physically available.
8 processors are logically available.
Processor type: x86_64h (Intel x86-64h Haswell)
Processors active: 0 1 2 3 4 5 6 7
Primary memory available: 16.00 gigabytes
Default processor set: 341 tasks, 1850 threads, 8 processors
Load average: 1.70, Mach factor: 6.29
/bin/machine           = unknown
/usr/bin/oslevel       = unknown
/bin/universe          = unknown

PATH: /usr/local/bin
PATH: /usr/bin
PATH: /bin
PATH: /usr/sbin
PATH: /sbin
PATH: /usr/local/go/bin
PATH: /Applications/Wireshark.app/Contents/MacOS


## ----------- ##
## Core tests. ##
## ----------- ##

configure:5236: Configuration created at Wed Jun 28 13:37:51 NZST 2017.
configure:5238: configure script generated at timestamp 1496926402.
configure:5259: checking for basename
configure:5277: found /usr/bin/basename
configure:5289: result: /usr/bin/basename
configure:5521: checking for bash
configure:5551: result: /bin/bash
configure:5667: checking for cat
configure:5685: found /bin/cat
configure:5697: result: /bin/cat
configure:5871: checking for chmod
configure:5889: found /bin/chmod
configure:5901: result: /bin/chmod
configure:6075: checking for cmp
configure:6093: found /usr/bin/cmp
configure:6105: result: /usr/bin/cmp
configure:6279: checking for comm
configure:6297: found /usr/bin/comm
configure:6309: result: /usr/bin/comm
configure:6483: checking for cp
configure:6501: found /bin/cp
configure:6513: result: /bin/cp
configure:6687: checking for cut
configure:6705: found /usr/bin/cut
configure:6717: result: /usr/bin/cut
configure:6891: checking for date
configure:6909: found /bin/date
configure:6921: result: /bin/date
configure:7095: checking for gdiff
configure:7128: result: no
configure:7095: checking for diff
configure:7113: found /usr/bin/diff
configure:7125: result: /usr/bin/diff
configure:7299: checking for dirname
configure:7317: found /usr/bin/dirname
configure:7329: result: /usr/bin/dirname
configure:7503: checking for echo
configure:7521: found /bin/echo
configure:7533: result: /bin/echo
configure:7707: checking for expr
configure:7725: found /bin/expr
configure:7737: result: /bin/expr
configure:7911: checking for file
configure:7929: found /usr/bin/file
configure:7941: result: /usr/bin/file
configure:8115: checking for find
configure:8133: found /usr/bin/find
configure:8145: result: /usr/bin/find
configure:8319: checking for head
configure:8337: found /usr/bin/head
configure:8349: result: /usr/bin/head
configure:8523: checking for gunzip
configure:8541: found /usr/bin/gunzip
configure:8553: result: /usr/bin/gunzip
configure:8727: checking for pigz
configure:8760: result: no
configure:8727: checking for gzip
configure:8745: found /usr/bin/gzip
configure:8757: result: /usr/bin/gzip
configure:8931: checking for ln
configure:8949: found /bin/ln
configure:8961: result: /bin/ln
configure:9135: checking for ls
configure:9153: found /bin/ls
configure:9165: result: /bin/ls
configure:9339: checking for mkdir
configure:9357: found /bin/mkdir
configure:9369: result: /bin/mkdir
configure:9543: checking for mktemp
configure:9561: found /usr/bin/mktemp
configure:9573: result: /usr/bin/mktemp
configure:9747: checking for mv
configure:9765: found /bin/mv
configure:9777: result: /bin/mv
configure:9951: checking for nawk
configure:9984: result: no
configure:9951: checking for gawk
configure:9984: result: no
configure:9951: checking for awk
configure:9969: found /usr/bin/awk
configure:9981: result: /usr/bin/awk
configure:10155: checking for printf
configure:10173: found /usr/bin/printf
configure:10185: result: /usr/bin/printf
configure:10359: checking for rm
configure:10377: found /bin/rm
configure:10389: result: /bin/rm
configure:10563: checking for rmdir
configure:10581: found /bin/rmdir
configure:10593: result: /bin/rmdir
configure:10767: checking for sh
configure:10785: found /bin/sh
configure:10797: result: /bin/sh
configure:10971: checking for sort
configure:10989: found /usr/bin/sort
configure:11001: result: /usr/bin/sort
configure:11175: checking for tail
configure:11193: found /usr/bin/tail
configure:11205: result: /usr/bin/tail
configure:11379: checking for gtar
configure:11412: result: no
configure:11379: checking for tar
configure:11397: found /usr/bin/tar
configure:11409: result: /usr/bin/tar
configure:11583: checking for tee
configure:11601: found /usr/bin/tee
configure:11613: result: /usr/bin/tee
configure:11787: checking for touch
configure:11805: found /usr/bin/touch
configure:11817: result: /usr/bin/touch
configure:11991: checking for tr
configure:12009: found /usr/bin/tr
configure:12021: result: /usr/bin/tr
configure:12195: checking for uname
configure:12213: found /usr/bin/uname
configure:12225: result: /usr/bin/uname
configure:12399: checking for uniq
configure:12417: found /usr/bin/uniq
configure:12429: result: /usr/bin/uniq
configure:12603: checking for wc
configure:12621: found /usr/bin/wc
configure:12633: result: /usr/bin/wc
configure:12807: checking for which
configure:12825: found /usr/bin/which
configure:12837: result: /usr/bin/which
configure:13011: checking for xargs
configure:13029: found /usr/bin/xargs
configure:13041: result: /usr/bin/xargs
configure:13216: checking for gawk
configure:13246: result: no
configure:13216: checking for mawk
configure:13246: result: no
configure:13216: checking for nawk
configure:13246: result: no
configure:13216: checking for awk
configure:13232: found /usr/bin/awk
configure:13243: result: awk
configure:13408: checking for grep that handles long lines and -e
configure:13466: result: /usr/bin/grep
configure:13646: checking for egrep
configure:13708: result: /usr/bin/grep -E
configure:13892: checking for fgrep
configure:13954: result: /usr/bin/grep -F
configure:14138: checking for a sed that does not truncate output
configure:14202: result: /usr/bin/sed
configure:14401: checking for cygpath
configure:14434: result: no
configure:14598: checking for greadlink
configure:14631: result: no
configure:14598: checking for readlink
configure:14616: found /usr/bin/readlink
configure:14628: result: /usr/bin/readlink
configure:14795: checking for df
configure:14813: found /bin/df
configure:14825: result: /bin/df
configure:14992: checking for cpio
configure:15010: found /usr/bin/cpio
configure:15022: result: /usr/bin/cpio
configure:15189: checking for nice
configure:15207: found /usr/bin/nice
configure:15219: result: /usr/bin/nice
configure:15386: checking for pandoc
configure:15419: result: no
configure:15580: checking build system type
configure:15594: result: x86_64-apple-darwin16.6.0
configure:15614: checking host system type
configure:15627: result: x86_64-apple-darwin16.6.0
configure:15647: checking target system type
configure:15660: result: x86_64-apple-darwin16.6.0
configure:15840: checking openjdk-build os-cpu
configure:15842: result: macosx-x86_64
configure:15979: checking openjdk-target os-cpu
configure:15981: result: macosx-x86_64
configure:16031: checking compilation type
configure:16033: result: native
configure:16494: checking for top-level directory
configure:16496: result: /Users/Chao/openjdk9
configure:16843: checking if custom source is suppressed (openjdk-only)
configure:16845: result: no
configure:16870: checking which variant of the JDK to build
configure:16887: result: normal
configure:16892: checking which debug level to use
configure:16916: result: slowdebug
configure:16994: checking which variants of the JVM to build
configure:16999: result: server
configure:17377: checking for xcodebuild
configure:17408: result: /usr/bin/xcodebuild
configure:17424: checking for sdk name
configure:17433: result: 
configure:17495: checking for sysroot
configure:17497: result: 
configure:17499: checking for toolchain path
configure:17501: result: 
configure:17503: checking for extra path
configure:17505: result: 
configure:17521: checking where to store configuration
configure:17529: result: in default location
configure:17587: checking what configuration name to use
configure:17589: result: macosx-x86_64-normal-server-slowdebug
configure:17759: checking for apt-get
configure:17789: result: no
configure:17759: checking for yum
configure:17789: result: no
configure:17759: checking for brew
configure:17775: found /usr/local/bin/brew
configure:17786: result: brew
configure:17814: checking for gmake
configure:17847: result: no
configure:18198: checking for make
configure:18216: found /usr/bin/make
configure:18228: result: /usr/bin/make
configure:18253: Testing potential make at /usr/bin/make, found using make in PATH
configure:21350: Using GNU make at /usr/bin/make (version: GNU Make 3.81)
configure:21355: checking if make --output-sync is supported
configure:21379: result: no
configure:21389: checking if find supports -delete
configure:21410: result: yes
configure:21427: checking what type of tar was found
configure:21429: result: bsd
configure:21453: checking that grep (/usr/bin/grep) -Fx handles empty lines in the pattern list correctly
configure:21464: result: yes
configure:21488: checking for unzip
configure:21506: found /usr/bin/unzip
configure:21518: result: /usr/bin/unzip
configure:21694: checking for zip
configure:21712: found /usr/bin/zip
configure:21724: result: /usr/bin/zip
configure:21900: checking for ldd
configure:21933: result: no
configure:22103: checking for otool
configure:22121: found /usr/bin/otool
configure:22133: result: /usr/bin/otool
configure:22303: checking for greadelf
configure:22336: result: no
configure:22303: checking for readelf
configure:22336: result: no
configure:22500: checking for dot
configure:22533: result: no
configure:22697: checking for hg
configure:22715: found /usr/local/bin/hg
configure:22727: result: /usr/local/bin/hg
configure:22894: checking for stat
configure:22912: found /usr/bin/stat
configure:22924: result: /usr/bin/stat
configure:23091: checking for time
configure:23109: found /usr/bin/time
configure:23121: result: /usr/bin/time
configure:23290: checking for dtrace
configure:23309: found /usr/sbin/dtrace
configure:23321: result: /usr/sbin/dtrace
configure:23489: checking for gpatch
configure:23522: result: no
configure:23489: checking for patch
configure:23507: found /usr/bin/patch
configure:23519: result: /usr/bin/patch
configure:23697: checking for dsymutil
configure:23715: found /usr/bin/dsymutil
configure:23727: result: /usr/bin/dsymutil
configure:23901: checking for xattr
configure:23919: found /usr/bin/xattr
configure:23931: result: /usr/bin/xattr
configure:24104: checking for codesign
configure:24122: found /usr/bin/codesign
configure:24134: result: /usr/bin/codesign
configure:24292: checking if openjdk_codesign certificate is present
openjdk_codesign: no identity found
configure:24299: result: no
configure:24318: checking for SetFile
configure:24336: found /usr/bin/SetFile
configure:24348: result: /usr/bin/SetFile
configure:24516: checking bash version
configure:24518: result: 3.2.57
configure:24528: checking if bash supports pipefail
configure:24532: result: yes
configure:24539: checking if bash supports errexit (-e)
configure:24543: result: yes
configure:24603: checking for pkg-config
configure:24636: result: no
configure:24715: checking headless only
configure:24733: result: no
configure:24749: checking for graphviz dot
configure:24755: result: no, cannot generate full docs
configure:24760: checking for pandoc
configure:24766: result: no, cannot generate full docs
configure:24771: checking full docs
configure:24823: result: no, missing dependencies
configure:24901: checking if packaged modules are kept
configure:24912: result: yes (default)
configure:25342: checking for version string
configure:25344: result: 9-internal+0-adhoc.Chao.openjdk9
configure:25591: Found potential Boot JDK using /usr/libexec/java_home 
configure:25758: checking for Boot JDK
configure:25760: result: /Library/Java/JavaVirtualMachines/jdk1.8.0_131.jdk/Contents/Home
configure:25762: checking Boot JDK version
configure:25765: result: java version "1.8.0_131" Java(TM) SE Runtime Environment (build 1.8.0_131-b11) Java HotSpot(TM) 64-Bit Server VM (build 25.131-b11, mixed mode) 
configure:30518: checking for java in Boot JDK
configure:30528: result: ok
configure:30656: checking for javac in Boot JDK
configure:30666: result: ok
configure:30794: checking for javah in Boot JDK
configure:30804: result: ok
configure:30932: checking for jar in Boot JDK
configure:30942: result: ok
configure:31070: checking for jarsigner in Boot JDK
configure:31080: result: ok
configure:31206: checking if Boot JDK supports modules
configure:31213: result: no
configure:31227: checking if Boot JDK is 32 or 64 bits
configure:31229: result: 64
configure:31451: checking for Build JDK
configure:31453: result: yes, will use output dir
configure:31863: Xcode major version: 8
configure:31975: Using default toolchain clang (clang/LLVM)
configure:33805: checking for clang
configure:33823: found /usr/bin/clang
configure:33835: result: /usr/bin/clang
configure:34186: checking resolved symbolic links for CC
configure:34238: result: no symlink
configure:34373: Using clang C compiler version 8.1.0 [Apple LLVM version 8.1.0 (clang-802.0.42) Target: x86_64-apple-darwin16.6.0 Thread model: posix InstalledDir: /Applications/Xcode.app/Contents/Developer/Toolchains/XcodeDefault.xctoolchain/usr/bin]
configure:34490: checking for C compiler version
configure:34499: /usr/bin/clang --version >&5
Apple LLVM version 8.1.0 (clang-802.0.42)
Target: x86_64-apple-darwin16.6.0
Thread model: posix
InstalledDir: /Applications/Xcode.app/Contents/Developer/Toolchains/XcodeDefault.xctoolchain/usr/bin
configure:34510: $? = 0
configure:34499: /usr/bin/clang -v >&5
Apple LLVM version 8.1.0 (clang-802.0.42)
Target: x86_64-apple-darwin16.6.0
Thread model: posix
InstalledDir: /Applications/Xcode.app/Contents/Developer/Toolchains/XcodeDefault.xctoolchain/usr/bin
configure:34510: $? = 0
configure:34499: /usr/bin/clang -V >&5
clang: error: argument to '-V' is missing (expected 1 value)
clang: error: no input files
configure:34510: $? = 1
configure:34499: /usr/bin/clang -qversion >&5
clang: error: unknown argument: '-qversion'
clang: error: no input files
configure:34510: $? = 1
configure:34530: checking whether the C compiler works
configure:34552: /usr/bin/clang    conftest.c  >&5
configure:34556: $? = 0
configure:34604: result: yes
configure:34607: checking for C compiler default output file name
configure:34609: result: a.out
configure:34615: checking for suffix of executables
configure:34622: /usr/bin/clang -o conftest    conftest.c  >&5
configure:34626: $? = 0
configure:34648: result: 
configure:34670: checking whether we are cross compiling
configure:34678: /usr/bin/clang -o conftest    conftest.c  >&5
configure:34682: $? = 0
configure:34689: ./conftest
configure:34693: $? = 0
configure:34708: result: no
configure:34713: checking for suffix of object files
configure:34735: /usr/bin/clang -c   conftest.c >&5
configure:34739: $? = 0
configure:34760: result: o
configure:34764: checking whether we are using the GNU C compiler
configure:34783: /usr/bin/clang -c   conftest.c >&5
configure:34783: $? = 0
configure:34792: result: yes
configure:34801: checking whether /usr/bin/clang accepts -g
configure:34821: /usr/bin/clang -c -g  conftest.c >&5
configure:34821: $? = 0
configure:34862: result: yes
configure:34879: checking for /usr/bin/clang option to accept ISO C89
configure:34942: /usr/bin/clang  -c   conftest.c >&5
configure:34942: $? = 0
configure:34955: result: none needed
configure:35212: checking for clang++
configure:35230: found /usr/bin/clang++
configure:35242: result: /usr/bin/clang++
configure:35593: checking resolved symbolic links for CXX
configure:35645: result: no symlink
configure:35780: Using clang C++ compiler version 8.1.0 [Apple LLVM version 8.1.0 (clang-802.0.42) Target: x86_64-apple-darwin16.6.0 Thread model: posix InstalledDir: /Applications/Xcode.app/Contents/Developer/Toolchains/XcodeDefault.xctoolchain/usr/bin]
configure:35897: checking for C++ compiler version
configure:35906: /usr/bin/clang++ --version >&5
Apple LLVM version 8.1.0 (clang-802.0.42)
Target: x86_64-apple-darwin16.6.0
Thread model: posix
InstalledDir: /Applications/Xcode.app/Contents/Developer/Toolchains/XcodeDefault.xctoolchain/usr/bin
configure:35917: $? = 0
configure:35906: /usr/bin/clang++ -v >&5
Apple LLVM version 8.1.0 (clang-802.0.42)
Target: x86_64-apple-darwin16.6.0
Thread model: posix
InstalledDir: /Applications/Xcode.app/Contents/Developer/Toolchains/XcodeDefault.xctoolchain/usr/bin
configure:35917: $? = 0
configure:35906: /usr/bin/clang++ -V >&5
clang: error: argument to '-V' is missing (expected 1 value)
clang: error: no input files
configure:35917: $? = 1
configure:35906: /usr/bin/clang++ -qversion >&5
clang: error: unknown argument: '-qversion'
clang: error: no input files
configure:35917: $? = 1
configure:35921: checking whether we are using the GNU C++ compiler
configure:35940: /usr/bin/clang++ -c   conftest.cpp >&5
configure:35940: $? = 0
configure:35949: result: yes
configure:35958: checking whether /usr/bin/clang++ accepts -g
configure:35978: /usr/bin/clang++ -c -g  conftest.cpp >&5
configure:35978: $? = 0
configure:36019: result: yes
configure:36170: checking how to run the C preprocessor
configure:36201: /usr/bin/clang -E  conftest.c
configure:36201: $? = 0
configure:36215: /usr/bin/clang -E  conftest.c
conftest.c:9:10: fatal error: 'ac_nonexistent.h' file not found
#include <ac_nonexistent.h>
         ^
1 error generated.
configure:36215: $? = 1
configure: failed program was:
| /* confdefs.h */
| #define PACKAGE_NAME "OpenJDK"
| #define PACKAGE_TARNAME "openjdk"
| #define PACKAGE_VERSION "jdk9"
| #define PACKAGE_STRING "OpenJDK jdk9"
| #define PACKAGE_BUGREPORT "build-dev@openjdk.java.net"
| #define PACKAGE_URL "http://openjdk.java.net"
| /* end confdefs.h.  */
| #include <ac_nonexistent.h>
configure:36240: result: /usr/bin/clang -E
configure:36260: /usr/bin/clang -E  conftest.c
configure:36260: $? = 0
configure:36274: /usr/bin/clang -E  conftest.c
conftest.c:9:10: fatal error: 'ac_nonexistent.h' file not found
#include <ac_nonexistent.h>
         ^
1 error generated.
configure:36274: $? = 1
configure: failed program was:
| /* confdefs.h */
| #define PACKAGE_NAME "OpenJDK"
| #define PACKAGE_TARNAME "openjdk"
| #define PACKAGE_VERSION "jdk9"
| #define PACKAGE_STRING "OpenJDK jdk9"
| #define PACKAGE_BUGREPORT "build-dev@openjdk.java.net"
| #define PACKAGE_URL "http://openjdk.java.net"
| /* end confdefs.h.  */
| #include <ac_nonexistent.h>
configure:36593: checking how to run the C++ preprocessor
configure:36620: /usr/bin/clang++ -E  conftest.cpp
configure:36620: $? = 0
configure:36634: /usr/bin/clang++ -E  conftest.cpp
conftest.cpp:9:10: fatal error: 'ac_nonexistent.h' file not found
#include <ac_nonexistent.h>
         ^
1 error generated.
configure:36634: $? = 1
configure: failed program was:
| /* confdefs.h */
| #define PACKAGE_NAME "OpenJDK"
| #define PACKAGE_TARNAME "openjdk"
| #define PACKAGE_VERSION "jdk9"
| #define PACKAGE_STRING "OpenJDK jdk9"
| #define PACKAGE_BUGREPORT "build-dev@openjdk.java.net"
| #define PACKAGE_URL "http://openjdk.java.net"
| /* end confdefs.h.  */
| #include <ac_nonexistent.h>
configure:36659: result: /usr/bin/clang++ -E
configure:36679: /usr/bin/clang++ -E  conftest.cpp
configure:36679: $? = 0
configure:36693: /usr/bin/clang++ -E  conftest.cpp
conftest.cpp:9:10: fatal error: 'ac_nonexistent.h' file not found
#include <ac_nonexistent.h>
         ^
1 error generated.
configure:36693: $? = 1
configure: failed program was:
| /* confdefs.h */
| #define PACKAGE_NAME "OpenJDK"
| #define PACKAGE_TARNAME "openjdk"
| #define PACKAGE_VERSION "jdk9"
| #define PACKAGE_STRING "OpenJDK jdk9"
| #define PACKAGE_BUGREPORT "build-dev@openjdk.java.net"
| #define PACKAGE_URL "http://openjdk.java.net"
| /* end confdefs.h.  */
| #include <ac_nonexistent.h>
configure:38280: checking for ar
configure:38296: found /usr/bin/ar
configure:38307: result: ar
configure:38813: Rewriting AR to "/usr/bin/ar"
configure:38832: checking for lipo
configure:38850: found /usr/bin/lipo
configure:38862: result: /usr/bin/lipo
configure:41865: checking for strip
configure:41881: found /usr/bin/strip
configure:41892: result: strip
configure:42397: Rewriting STRIP to "/usr/bin/strip"
configure:42767: checking for nm
configure:42783: found /usr/bin/nm
configure:42794: result: nm
configure:43300: Rewriting NM to "/usr/bin/nm"
configure:44008: checking for gobjdump
configure:44038: result: no
configure:44008: checking for objdump
configure:44024: found /usr/bin/objdump
configure:44035: result: objdump
configure:44543: Rewriting OBJDUMP to "/usr/bin/objdump"
configure:48685: checking for jtreg
configure:48718: result: no
configure:48886: checking for jtreg test harness
configure:48892: result: no, not found
configure:49458: checking for ANSI C header files
configure:49478: /usr/bin/clang++ -c   conftest.cpp >&5
configure:49478: $? = 0
configure:49551: /usr/bin/clang++ -o conftest    conftest.cpp  >&5
configure:49551: $? = 0
configure:49551: ./conftest
configure:49551: $? = 0
configure:49562: result: yes
configure:49575: checking for sys/types.h
configure:49575: /usr/bin/clang++ -c   conftest.cpp >&5
configure:49575: $? = 0
configure:49575: result: yes
configure:49575: checking for sys/stat.h
configure:49575: /usr/bin/clang++ -c   conftest.cpp >&5
configure:49575: $? = 0
configure:49575: result: yes
configure:49575: checking for stdlib.h
configure:49575: /usr/bin/clang++ -c   conftest.cpp >&5
configure:49575: $? = 0
configure:49575: result: yes
configure:49575: checking for string.h
configure:49575: /usr/bin/clang++ -c   conftest.cpp >&5
configure:49575: $? = 0
configure:49575: result: yes
configure:49575: checking for memory.h
configure:49575: /usr/bin/clang++ -c   conftest.cpp >&5
configure:49575: $? = 0
configure:49575: result: yes
configure:49575: checking for strings.h
configure:49575: /usr/bin/clang++ -c   conftest.cpp >&5
configure:49575: $? = 0
configure:49575: result: yes
configure:49575: checking for inttypes.h
configure:49575: /usr/bin/clang++ -c   conftest.cpp >&5
configure:49575: $? = 0
configure:49575: result: yes
configure:49575: checking for stdint.h
configure:49575: /usr/bin/clang++ -c   conftest.cpp >&5
configure:49575: $? = 0
configure:49575: result: yes
configure:49575: checking for unistd.h
configure:49575: /usr/bin/clang++ -c   conftest.cpp >&5
configure:49575: $? = 0
configure:49575: result: yes
configure:49654: checking stdio.h usability
configure:49654: /usr/bin/clang++ -c   conftest.cpp >&5
configure:49654: $? = 0
configure:49654: result: yes
configure:49654: checking stdio.h presence
configure:49654: /usr/bin/clang++ -E  conftest.cpp
configure:49654: $? = 0
configure:49654: result: yes
configure:49654: checking for stdio.h
configure:49654: result: yes
configure:49714: checking size of int *
configure:49719: /usr/bin/clang++ -o conftest    conftest.cpp  >&5
configure:49719: $? = 0
configure:49719: ./conftest
configure:49719: $? = 0
configure:49733: result: 8
configure:49871: checking for target address size
configure:49873: result: 64 bits
configure:49881: checking whether byte ordering is bigendian
configure:49896: /usr/bin/clang++ -c   conftest.cpp >&5
configure:49896: $? = 0
configure:49941: /usr/bin/clang++ -c   conftest.cpp >&5
configure:49941: $? = 0
configure:49959: /usr/bin/clang++ -c   conftest.cpp >&5
conftest.cpp:28:11: error: expected ';' after expression
                 not big endian
                        ^
                        ;
conftest.cpp:28:8: error: use of undeclared identifier 'big'
                 not big endian
                     ^
conftest.cpp:28:12: error: use of undeclared identifier 'endian'
                 not big endian
                         ^
3 errors generated.
configure:49959: $? = 1
configure: failed program was:
| /* confdefs.h */
| #define PACKAGE_NAME "OpenJDK"
| #define PACKAGE_TARNAME "openjdk"
| #define PACKAGE_VERSION "jdk9"
| #define PACKAGE_STRING "OpenJDK jdk9"
| #define PACKAGE_BUGREPORT "build-dev@openjdk.java.net"
| #define PACKAGE_URL "http://openjdk.java.net"
| #define STDC_HEADERS 1
| #define HAVE_SYS_TYPES_H 1
| #define HAVE_SYS_STAT_H 1
| #define HAVE_STDLIB_H 1
| #define HAVE_STRING_H 1
| #define HAVE_MEMORY_H 1
| #define HAVE_STRINGS_H 1
| #define HAVE_INTTYPES_H 1
| #define HAVE_STDINT_H 1
| #define HAVE_UNISTD_H 1
| #define HAVE_STDIO_H 1
| #define SIZEOF_INT_P 8
| /* end confdefs.h.  */
| #include <sys/types.h>
| 		#include <sys/param.h>
| 
| int
| main ()
| {
| #if BYTE_ORDER != BIG_ENDIAN
| 		 not big endian
| 		#endif
| 
|   ;
|   return 0;
| }
configure:50087: result: no
configure:52623: checking if the C compiler supports "-m64"
configure:52639: /usr/bin/clang -c  -m64  conftest.c >&5
configure:52639: $? = 0
configure:52653: result: yes
configure:52723: checking if the C++ compiler supports "-m64"
configure:52739: /usr/bin/clang++ -c  -m64  conftest.cpp >&5
configure:52739: $? = 0
configure:52753: result: yes
configure:52775: checking if both compilers support "-m64"
configure:52780: result: yes
configure:52803: checking if native warnings are errors
configure:52810: result: no
configure:53420: checking what type of native debug symbols to use
configure:53448: result: internal
configure:53583: checking for dtrace tool
configure:53586: result: /usr/sbin/dtrace
configure:53596: checking sys/sdt.h usability
configure:53596: /usr/bin/clang++ -c   conftest.cpp >&5
configure:53596: $? = 0
configure:53596: result: yes
configure:53596: checking sys/sdt.h presence
configure:53596: /usr/bin/clang++ -E  conftest.cpp
configure:53596: $? = 0
configure:53596: result: yes
configure:53596: checking for sys/sdt.h
configure:53596: result: yes
configure:53612: checking if dtrace should be built
configure:53667: result: yes, dependencies present
configure:53736: checking if Hotspot gtest unit tests should be built
configure:53752: result: yes
configure:57627: checking cups/cups.h usability
configure:57627: /usr/bin/clang++ -c   conftest.cpp >&5
configure:57627: $? = 0
configure:57627: result: yes
configure:57627: checking cups/cups.h presence
configure:57627: /usr/bin/clang++ -E  conftest.cpp
configure:57627: $? = 0
configure:57627: result: yes
configure:57627: checking for cups/cups.h
configure:57627: result: yes
configure:57627: checking cups/ppd.h usability
configure:57627: /usr/bin/clang++ -c   conftest.cpp >&5
configure:57627: $? = 0
configure:57627: result: yes
configure:57627: checking cups/ppd.h presence
configure:57627: /usr/bin/clang++ -E  conftest.cpp
configure:57627: $? = 0
configure:57627: result: yes
configure:57627: checking for cups/ppd.h
configure:57627: result: yes
configure:58251: Found freetype include files at /usr/local/include/freetype2 using --with-freetype
configure:58556: checking for freetype includes
configure:58558: result: /usr/local/include/freetype2
configure:58561: checking for freetype libraries
configure:58563: result: /usr/local/lib
configure:63566: checking if we can compile and link with freetype
configure:63591:  /usr/bin/clang++ -o conftest  -I/usr/local/include/freetype2   conftest.cpp  -L/usr/local/lib -lfreetype >&5
configure:63591: $? = 0
configure:63593: result: yes
configure:63654: checking if we should bundle freetype
configure:63659: result: yes
configure:64428: checking for which libjpeg to use
configure:64436: result: bundled
configure:64513: checking for which giflib to use
configure:64521: result: bundled
configure:64598: checking for which libpng to use
configure:64612: result: bundled
configure:64708: checking for compress in -lz
configure:64733: /usr/bin/clang++ -o conftest  -I/usr/local/include/freetype2   conftest.cpp -lz   >&5
configure:64733: $? = 0
configure:64742: result: yes
configure:64751: checking for which zlib to use
configure:64777: result: system
configure:64798: checking for which lcms to use
configure:64811: result: bundled
configure:64907: checking for cos in -lm
configure:64932: /usr/bin/clang++ -o conftest  -I/usr/local/include/freetype2   conftest.cpp -lm   >&5
configure:64932: $? = 0
configure:64941: result: yes
configure:64966: checking for dlopen in -ldl
configure:64991: /usr/bin/clang++ -o conftest  -I/usr/local/include/freetype2   conftest.cpp -ldl   >&5
configure:64991: $? = 0
configure:65000: result: yes
configure:65588: checking if jdk.internal.vm.compiler should be built
configure:65605: result: no
configure:65614: checking if aot should be enabled
configure:65630: result: no
configure:65685: checking if elliptic curve crypto implementation is present
configure:65690: result: yes
configure:65707: checking if jtreg failure handler should be built
configure:65726: result: no, missing jtreg
configure:65754: checking if the CDS classlist generation should be enabled
configure:65770: result: yes
configure:65803: checking for number of cores
configure:65830: result: 8
configure:65855: checking for memory size
configure:65883: result: 16384 MB
configure:65908: checking for appropriate number of jobs to run in parallel
configure:65921: result: 8
configure:65958: checking flags for boot jdk java command 
Check if jvm arg is ok: -XX:-PrintVMOptions -XX:-UnlockDiagnosticVMOptions -XX:-LogVMOutput
Command: /Library/Java/JavaVirtualMachines/jdk1.8.0_131.jdk/Contents/Home/bin/java -XX:-PrintVMOptions -XX:-UnlockDiagnosticVMOptions -XX:-LogVMOutput -version
Arg failed:
Error: VM option 'LogVMOutput' is diagnostic and must be enabled via -XX:+UnlockDiagnosticVMOptions.
Error: Could not create the Java Virtual Machine.
Error: A fatal exception has occurred. Program will exit.
Check if jvm arg is ok: -Duser.language=en -Duser.country=US
Command: /Library/Java/JavaVirtualMachines/jdk1.8.0_131.jdk/Contents/Home/bin/java -Duser.language=en -Duser.country=US -version
Check if jvm arg is ok: 
Command: /Library/Java/JavaVirtualMachines/jdk1.8.0_131.jdk/Contents/Home/bin/java  -version
configure:66012: result:  -Duser.language=en -Duser.country=US 
configure:66020: checking flags for boot jdk java command for big workloads
Check if jvm arg is ok: -Xms64M
Command: /Library/Java/JavaVirtualMachines/jdk1.8.0_131.jdk/Contents/Home/bin/java -Xms64M -version
Check if jvm arg is ok: -Xmx1600M
Command: /Library/Java/JavaVirtualMachines/jdk1.8.0_131.jdk/Contents/Home/bin/java -Xmx1600M -version
Check if jvm arg is ok: -XX:ThreadStackSize=1536
Command: /Library/Java/JavaVirtualMachines/jdk1.8.0_131.jdk/Contents/Home/bin/java -XX:ThreadStackSize=1536 -version
configure:66097: result:  -Xms64M -Xmx1600M -XX:ThreadStackSize=1536
configure:66112: checking flags for bootcycle boot jdk java command for big workloads
configure:66114: result: -Xms64M -Xmx1600M -XX:ThreadStackSize=1536
configure:66122: checking flags for boot jdk java command for small workloads
Check if jvm arg is ok: -XX:+UseSerialGC
Command: /Library/Java/JavaVirtualMachines/jdk1.8.0_131.jdk/Contents/Home/bin/java -XX:+UseSerialGC -version
Check if jvm arg is ok: -Xms32M
Command: /Library/Java/JavaVirtualMachines/jdk1.8.0_131.jdk/Contents/Home/bin/java -Xms32M -version
Check if jvm arg is ok: -Xmx512M
Command: /Library/Java/JavaVirtualMachines/jdk1.8.0_131.jdk/Contents/Home/bin/java -Xmx512M -version
Check if jvm arg is ok: -XX:TieredStopAtLevel=1
Command: /Library/Java/JavaVirtualMachines/jdk1.8.0_131.jdk/Contents/Home/bin/java -XX:TieredStopAtLevel=1 -version
configure:66187: result:  -XX:+UseSerialGC -Xms32M -Xmx512M -XX:TieredStopAtLevel=1
Check if jvm arg is ok: -d64
Command: /Library/Java/JavaVirtualMachines/jdk1.8.0_131.jdk/Contents/Home/bin/java -d64 -version
Check if jvm arg is ok: -Xms512M -Xmx2048M
Command: /Library/Java/JavaVirtualMachines/jdk1.8.0_131.jdk/Contents/Home/bin/java -Xms512M -Xmx2048M -version
configure:66288: checking whether to use sjavac
configure:66290: result: no
configure:66306: checking whether to use javac server
configure:66308: result: yes
configure:67061: checking If precompiled header is enabled
configure:67080: result: yes
configure:67115: checking is ccache enabled
configure:67343: result: no
configure:67454: WARNING: The following variables might be unknown to configure:  SEPARATED_DEBUGINFO_FILES 
configure:67459: checking if build directory is on local disk
configure:67485: result: yes
configure:67518: checking JVM features for JVM variant 'server'
configure:67522: result: all-gcs cds compiler1 compiler2 dtrace fprof jni-check jvmci jvmti management nmt services vm-structs
configure:67688: creating /Users/Chao/openjdk9/build/macosx-x86_64-normal-server-slowdebug/configure-support/config.status

## ---------------------- ##
## Running config.status. ##
## ---------------------- ##

This file was extended by OpenJDK config.status jdk9, which was
generated by GNU Autoconf 2.69.  Invocation command line was

  CONFIG_FILES    = 
  CONFIG_HEADERS  = 
  CONFIG_LINKS    = 
  CONFIG_COMMANDS = 
  $ /Users/Chao/openjdk9/build/macosx-x86_64-normal-server-slowdebug/configure-support/config.status 

on Charvis-MacBook-Pro.fritz.box

config.status:1231: creating /Users/Chao/openjdk9/build/macosx-x86_64-normal-server-slowdebug/spec.gmk
config.status:1231: creating /Users/Chao/openjdk9/build/macosx-x86_64-normal-server-slowdebug/bootcycle-spec.gmk
config.status:1231: creating /Users/Chao/openjdk9/build/macosx-x86_64-normal-server-slowdebug/buildjdk-spec.gmk
config.status:1231: creating /Users/Chao/openjdk9/build/macosx-x86_64-normal-server-slowdebug/compare.sh
config.status:1231: creating /Users/Chao/openjdk9/build/macosx-x86_64-normal-server-slowdebug/Makefile

## ---------------- ##
## Cache variables. ##
## ---------------- ##

ac_cv_build=x86_64-apple-darwin16.6.0
ac_cv_c_bigendian=no
ac_cv_c_compiler_gnu=yes
ac_cv_cxx_compiler_gnu=yes
ac_cv_env_ALSA_CFLAGS_set=
ac_cv_env_ALSA_CFLAGS_value=
ac_cv_env_ALSA_LIBS_set=
ac_cv_env_ALSA_LIBS_value=
ac_cv_env_AR_set=
ac_cv_env_AR_value=
ac_cv_env_AS_set=
ac_cv_env_AS_value=
ac_cv_env_AWK_set=
ac_cv_env_AWK_value=
ac_cv_env_BASENAME_set=
ac_cv_env_BASENAME_value=
ac_cv_env_BASH_set=set
ac_cv_env_BASH_value=/bin/bash
ac_cv_env_BUILD_AR_set=
ac_cv_env_BUILD_AR_value=
ac_cv_env_BUILD_CC_set=
ac_cv_env_BUILD_CC_value=
ac_cv_env_BUILD_CXX_set=
ac_cv_env_BUILD_CXX_value=
ac_cv_env_BUILD_NM_set=
ac_cv_env_BUILD_NM_value=
ac_cv_env_BUILD_OBJCOPY_set=
ac_cv_env_BUILD_OBJCOPY_value=
ac_cv_env_BUILD_STRIP_set=
ac_cv_env_BUILD_STRIP_value=
ac_cv_env_CAT_set=
ac_cv_env_CAT_value=
ac_cv_env_CCACHE_set=
ac_cv_env_CCACHE_value=
ac_cv_env_CCC_set=
ac_cv_env_CCC_value=
ac_cv_env_CC_set=
ac_cv_env_CC_value=
ac_cv_env_CFLAGS_set=
ac_cv_env_CFLAGS_value=
ac_cv_env_CHMOD_set=
ac_cv_env_CHMOD_value=
ac_cv_env_CMP_set=
ac_cv_env_CMP_value=
ac_cv_env_CODESIGN_set=
ac_cv_env_CODESIGN_value=
ac_cv_env_COMM_set=
ac_cv_env_COMM_value=
ac_cv_env_CPIO_set=
ac_cv_env_CPIO_value=
ac_cv_env_CPPFLAGS_set=
ac_cv_env_CPPFLAGS_value=
ac_cv_env_CPP_set=
ac_cv_env_CPP_value=
ac_cv_env_CP_set=
ac_cv_env_CP_value=
ac_cv_env_CUT_set=
ac_cv_env_CUT_value=
ac_cv_env_CXXCPP_set=
ac_cv_env_CXXCPP_value=
ac_cv_env_CXXFLAGS_set=
ac_cv_env_CXXFLAGS_value=
ac_cv_env_CXX_set=
ac_cv_env_CXX_value=
ac_cv_env_CYGPATH_set=
ac_cv_env_CYGPATH_value=
ac_cv_env_DATE_set=
ac_cv_env_DATE_value=
ac_cv_env_DF_set=
ac_cv_env_DF_value=
ac_cv_env_DIFF_set=
ac_cv_env_DIFF_value=
ac_cv_env_DIRNAME_set=
ac_cv_env_DIRNAME_value=
ac_cv_env_DOT_set=
ac_cv_env_DOT_value=
ac_cv_env_DSYMUTIL_set=
ac_cv_env_DSYMUTIL_value=
ac_cv_env_DTRACE_set=
ac_cv_env_DTRACE_value=
ac_cv_env_ECHO_set=
ac_cv_env_ECHO_value=
ac_cv_env_EGREP_set=
ac_cv_env_EGREP_value=
ac_cv_env_ELF_CFLAGS_set=
ac_cv_env_ELF_CFLAGS_value=
ac_cv_env_ELF_LIBS_set=
ac_cv_env_ELF_LIBS_value=
ac_cv_env_EXPR_set=
ac_cv_env_EXPR_value=
ac_cv_env_FGREP_set=
ac_cv_env_FGREP_value=
ac_cv_env_FILE_set=
ac_cv_env_FILE_value=
ac_cv_env_FIND_set=
ac_cv_env_FIND_value=
ac_cv_env_FREETYPE_CFLAGS_set=
ac_cv_env_FREETYPE_CFLAGS_value=
ac_cv_env_FREETYPE_LIBS_set=
ac_cv_env_FREETYPE_LIBS_value=
ac_cv_env_GNM_set=
ac_cv_env_GNM_value=
ac_cv_env_GREP_set=
ac_cv_env_GREP_value=
ac_cv_env_GUNZIP_set=
ac_cv_env_GUNZIP_value=
ac_cv_env_GZIP_set=
ac_cv_env_GZIP_value=
ac_cv_env_HEAD_set=
ac_cv_env_HEAD_value=
ac_cv_env_HG_set=
ac_cv_env_HG_value=
ac_cv_env_ICECC_CMD_set=
ac_cv_env_ICECC_CMD_value=
ac_cv_env_ICECC_CREATE_ENV_set=
ac_cv_env_ICECC_CREATE_ENV_value=
ac_cv_env_ICECC_WRAPPER_set=
ac_cv_env_ICECC_WRAPPER_value=
ac_cv_env_JARSIGNER_set=
ac_cv_env_JARSIGNER_value=
ac_cv_env_JAR_set=
ac_cv_env_JAR_value=
ac_cv_env_JAVAC_set=
ac_cv_env_JAVAC_value=
ac_cv_env_JAVAH_set=
ac_cv_env_JAVAH_value=
ac_cv_env_JAVA_set=
ac_cv_env_JAVA_value=
ac_cv_env_JTREGEXE_set=
ac_cv_env_JTREGEXE_value=
ac_cv_env_LCMS_CFLAGS_set=
ac_cv_env_LCMS_CFLAGS_value=
ac_cv_env_LCMS_LIBS_set=
ac_cv_env_LCMS_LIBS_value=
ac_cv_env_LDD_set=
ac_cv_env_LDD_value=
ac_cv_env_LDFLAGS_set=
ac_cv_env_LDFLAGS_value=
ac_cv_env_LIBFFI_CFLAGS_set=
ac_cv_env_LIBFFI_CFLAGS_value=
ac_cv_env_LIBFFI_LIBS_set=
ac_cv_env_LIBFFI_LIBS_value=
ac_cv_env_LIBS_set=
ac_cv_env_LIBS_value=
ac_cv_env_LIPO_set=
ac_cv_env_LIPO_value=
ac_cv_env_LN_set=
ac_cv_env_LN_value=
ac_cv_env_LS_set=
ac_cv_env_LS_value=
ac_cv_env_MAKE_set=
ac_cv_env_MAKE_value=
ac_cv_env_MKDIR_set=
ac_cv_env_MKDIR_value=
ac_cv_env_MKTEMP_set=
ac_cv_env_MKTEMP_value=
ac_cv_env_MV_set=
ac_cv_env_MV_value=
ac_cv_env_NAWK_set=
ac_cv_env_NAWK_value=
ac_cv_env_NICE_set=
ac_cv_env_NICE_value=
ac_cv_env_NM_set=
ac_cv_env_NM_value=
ac_cv_env_OBJCOPY_set=
ac_cv_env_OBJCOPY_value=
ac_cv_env_OBJDUMP_set=
ac_cv_env_OBJDUMP_value=
ac_cv_env_OTOOL_set=
ac_cv_env_OTOOL_value=
ac_cv_env_PANDOC_set=
ac_cv_env_PANDOC_value=
ac_cv_env_PATCH_set=
ac_cv_env_PATCH_value=
ac_cv_env_PKG_CONFIG_set=
ac_cv_env_PKG_CONFIG_value=
ac_cv_env_PNG_CFLAGS_set=
ac_cv_env_PNG_CFLAGS_value=
ac_cv_env_PNG_LIBS_set=
ac_cv_env_PNG_LIBS_value=
ac_cv_env_PRINTF_set=
ac_cv_env_PRINTF_value=
ac_cv_env_READELF_set=
ac_cv_env_READELF_value=
ac_cv_env_READLINK_set=
ac_cv_env_READLINK_value=
ac_cv_env_RMDIR_set=
ac_cv_env_RMDIR_value=
ac_cv_env_RM_set=
ac_cv_env_RM_value=
ac_cv_env_SED_set=
ac_cv_env_SED_value=
ac_cv_env_SETFILE_set=
ac_cv_env_SETFILE_value=
ac_cv_env_SH_set=
ac_cv_env_SH_value=
ac_cv_env_SORT_set=
ac_cv_env_SORT_value=
ac_cv_env_STAT_set=
ac_cv_env_STAT_value=
ac_cv_env_STRIP_set=
ac_cv_env_STRIP_value=
ac_cv_env_TAIL_set=
ac_cv_env_TAIL_value=
ac_cv_env_TAR_set=
ac_cv_env_TAR_value=
ac_cv_env_TEE_set=
ac_cv_env_TEE_value=
ac_cv_env_TIME_set=
ac_cv_env_TIME_value=
ac_cv_env_TOUCH_set=
ac_cv_env_TOUCH_value=
ac_cv_env_TR_set=
ac_cv_env_TR_value=
ac_cv_env_UNAME_set=
ac_cv_env_UNAME_value=
ac_cv_env_UNIQ_set=
ac_cv_env_UNIQ_value=
ac_cv_env_UNZIP_set=
ac_cv_env_UNZIP_value=
ac_cv_env_WC_set=
ac_cv_env_WC_value=
ac_cv_env_WHICH_set=
ac_cv_env_WHICH_value=
ac_cv_env_XARGS_set=
ac_cv_env_XARGS_value=
ac_cv_env_XATTR_set=
ac_cv_env_XATTR_value=
ac_cv_env_XMKMF_set=
ac_cv_env_XMKMF_value=
ac_cv_env_ZIPEXE_set=
ac_cv_env_ZIPEXE_value=
ac_cv_env_build_alias_set=
ac_cv_env_build_alias_value=
ac_cv_env_host_alias_set=
ac_cv_env_host_alias_value=
ac_cv_env_target_alias_set=
ac_cv_env_target_alias_value=
ac_cv_header_cups_cups_h=yes
ac_cv_header_cups_ppd_h=yes
ac_cv_header_inttypes_h=yes
ac_cv_header_memory_h=yes
ac_cv_header_stdc=yes
ac_cv_header_stdint_h=yes
ac_cv_header_stdio_h=yes
ac_cv_header_stdlib_h=yes
ac_cv_header_string_h=yes
ac_cv_header_strings_h=yes
ac_cv_header_sys_sdt_h=yes
ac_cv_header_sys_stat_h=yes
ac_cv_header_sys_types_h=yes
ac_cv_header_unistd_h=yes
ac_cv_host=x86_64-apple-darwin16.6.0
ac_cv_lib_dl_dlopen=yes
ac_cv_lib_m_cos=yes
ac_cv_lib_z_compress=yes
ac_cv_objext=o
ac_cv_path_BASENAME=/usr/bin/basename
ac_cv_path_BASH=/bin/bash
ac_cv_path_CAT=/bin/cat
ac_cv_path_CHECK_MAKE=/usr/bin/make
ac_cv_path_CHMOD=/bin/chmod
ac_cv_path_CMP=/usr/bin/cmp
ac_cv_path_CODESIGN=/usr/bin/codesign
ac_cv_path_COMM=/usr/bin/comm
ac_cv_path_CP=/bin/cp
ac_cv_path_CPIO=/usr/bin/cpio
ac_cv_path_CUT=/usr/bin/cut
ac_cv_path_DATE=/bin/date
ac_cv_path_DF=/bin/df
ac_cv_path_DIFF=/usr/bin/diff
ac_cv_path_DIRNAME=/usr/bin/dirname
ac_cv_path_DSYMUTIL=/usr/bin/dsymutil
ac_cv_path_DTRACE=/usr/sbin/dtrace
ac_cv_path_ECHO=/bin/echo
ac_cv_path_EGREP='/usr/bin/grep -E'
ac_cv_path_EXPR=/bin/expr
ac_cv_path_FGREP='/usr/bin/grep -F'
ac_cv_path_FILE=/usr/bin/file
ac_cv_path_FIND=/usr/bin/find
ac_cv_path_GREP=/usr/bin/grep
ac_cv_path_GUNZIP=/usr/bin/gunzip
ac_cv_path_GZIP=/usr/bin/gzip
ac_cv_path_HEAD=/usr/bin/head
ac_cv_path_HG=/usr/local/bin/hg
ac_cv_path_LIPO=/usr/bin/lipo
ac_cv_path_LN=/bin/ln
ac_cv_path_LS=/bin/ls
ac_cv_path_MKDIR=/bin/mkdir
ac_cv_path_MKTEMP=/usr/bin/mktemp
ac_cv_path_MV=/bin/mv
ac_cv_path_NAWK=/usr/bin/awk
ac_cv_path_NICE=/usr/bin/nice
ac_cv_path_OTOOL=/usr/bin/otool
ac_cv_path_PATCH=/usr/bin/patch
ac_cv_path_PRINTF=/usr/bin/printf
ac_cv_path_READLINK=/usr/bin/readlink
ac_cv_path_RM=/bin/rm
ac_cv_path_RMDIR=/bin/rmdir
ac_cv_path_SED=/usr/bin/sed
ac_cv_path_SETFILE=/usr/bin/SetFile
ac_cv_path_SH=/bin/sh
ac_cv_path_SORT=/usr/bin/sort
ac_cv_path_STAT=/usr/bin/stat
ac_cv_path_TAIL=/usr/bin/tail
ac_cv_path_TAR=/usr/bin/tar
ac_cv_path_TEE=/usr/bin/tee
ac_cv_path_TIME=/usr/bin/time
ac_cv_path_TOUCH=/usr/bin/touch
ac_cv_path_TR=/usr/bin/tr
ac_cv_path_UNAME=/usr/bin/uname
ac_cv_path_UNIQ=/usr/bin/uniq
ac_cv_path_UNZIP=/usr/bin/unzip
ac_cv_path_WC=/usr/bin/wc
ac_cv_path_WHICH=/usr/bin/which
ac_cv_path_XARGS=/usr/bin/xargs
ac_cv_path_XATTR=/usr/bin/xattr
ac_cv_path_XCODEBUILD=/usr/bin/xcodebuild
ac_cv_path_ZIPEXE=/usr/bin/zip
ac_cv_path_ac_pt_POTENTIAL_CC=/usr/bin/clang
ac_cv_path_ac_pt_POTENTIAL_CXX=/usr/bin/clang++
ac_cv_prog_AWK=awk
ac_cv_prog_CPP='/usr/bin/clang -E'
ac_cv_prog_CXXCPP='/usr/bin/clang++ -E'
ac_cv_prog_PKGHANDLER=brew
ac_cv_prog_ac_ct_AR=ar
ac_cv_prog_ac_ct_NM=nm
ac_cv_prog_ac_ct_OBJDUMP=objdump
ac_cv_prog_ac_ct_STRIP=strip
ac_cv_prog_cc_c89=
ac_cv_prog_cc_g=yes
ac_cv_prog_cxx_g=yes
ac_cv_sizeof_int_p=8
ac_cv_target=x86_64-apple-darwin16.6.0

## ----------------- ##
## Output variables. ##
## ----------------- ##

ALSA_CFLAGS=''
ALSA_LIBS=''
AR='/usr/bin/ar'
ARFLAGS='-r'
AR_OUT_OPTION='rcs$(SPACE)'
AS='/usr/bin/clang -c'
AWK='awk'
BASENAME='/usr/bin/basename'
BASH='/bin/bash'
BASH_ARGS=' -o pipefail -e'
BOOTCYCLE_JVM_ARGS_BIG='-Xms64M -Xmx1600M -XX:ThreadStackSize=1536'
BOOT_JDK='/Library/Java/JavaVirtualMachines/jdk1.8.0_131.jdk/Contents/Home'
BOOT_JDK_MODULAR='false'
BOOT_JDK_SOURCETARGET='-source 8 -target 8'
BUILD_AR='/usr/bin/ar'
BUILD_AS='/usr/bin/clang -c'
BUILD_CC='/usr/bin/clang'
BUILD_CC_DISABLE_WARNING_PREFIX=''
BUILD_CXX='/usr/bin/clang++'
BUILD_FAILURE_HANDLER='false'
BUILD_GTEST='true'
BUILD_ICECC=''
BUILD_JDK='$(JDK_OUTPUTDIR)'
BUILD_LD='/usr/bin/clang'
BUILD_LDCXX='/usr/bin/clang++'
BUILD_NM='/usr/bin/nm'
BUILD_OBJCOPY=''
BUILD_OUTPUT='/Users/Chao/openjdk9/build/macosx-x86_64-normal-server-slowdebug'
BUILD_STRIP='/usr/bin/strip'
BUILD_SYSROOT_CFLAGS=' -iframework /System/Library/Frameworks -F /System/Library/Frameworks/JavaVM.framework/Frameworks'
BUILD_SYSROOT_LDFLAGS=' -iframework /System/Library/Frameworks -F /System/Library/Frameworks/JavaVM.framework/Frameworks'
CACERTS_FILE=''
CANONICAL_TOPDIR='/Users/Chao/openjdk9'
CAT='/bin/cat'
CC='/usr/bin/clang'
CCACHE=''
CC_OUT_OPTION='-o$(SPACE)'
CC_VERSION_NUMBER='8.1.0'
CFLAGS=''
CFLAGS_CCACHE=''
CFLAGS_DEBUG_SYMBOLS='-g'
CFLAGS_JDKEXE=' -D_LITTLE_ENDIAN -DMACOSX       -D_LP64=1       -DARCH='\''"x86_64"'\'' -Dx86_64 -DDEBUG -D_ALLBSD_SOURCE -D_DARWIN_UNLIMITED_SELECT -DMAC_OS_X_VERSION_MAX_ALLOWED=$(subst .,,$(MACOSX_VERSION_MIN)) -mmacosx-version-min=$(MACOSX_VERSION_MIN)       -I$(SUPPORT_OUTPUTDIR)/modules_include/java.base       -I/Users/Chao/openjdk9/jdk/src/java.base/share/native/include       -I/Users/Chao/openjdk9/jdk/src/java.base/macosx/native/include       -I/Users/Chao/openjdk9/jdk/src/java.base/unix/native/include       -I/Users/Chao/openjdk9/jdk/src/java.base/share/native/libjava       -I/Users/Chao/openjdk9/jdk/src/java.base/unix/native/libjava   -g  '
CFLAGS_JDKLIB=' -D_LITTLE_ENDIAN -DMACOSX       -D_LP64=1       -DARCH='\''"x86_64"'\'' -Dx86_64 -DDEBUG -D_ALLBSD_SOURCE -D_DARWIN_UNLIMITED_SELECT -DMAC_OS_X_VERSION_MAX_ALLOWED=$(subst .,,$(MACOSX_VERSION_MIN)) -mmacosx-version-min=$(MACOSX_VERSION_MIN)       -I$(SUPPORT_OUTPUTDIR)/modules_include/java.base       -I/Users/Chao/openjdk9/jdk/src/java.base/share/native/include       -I/Users/Chao/openjdk9/jdk/src/java.base/macosx/native/include       -I/Users/Chao/openjdk9/jdk/src/java.base/unix/native/include       -I/Users/Chao/openjdk9/jdk/src/java.base/share/native/libjava       -I/Users/Chao/openjdk9/jdk/src/java.base/unix/native/libjava         -g    '
CFLAGS_TESTEXE=' -D_LITTLE_ENDIAN -DMACOSX       -D_LP64=1       -DARCH='\''"x86_64"'\'' -Dx86_64 -DDEBUG -D_ALLBSD_SOURCE -D_DARWIN_UNLIMITED_SELECT -DMAC_OS_X_VERSION_MAX_ALLOWED=$(subst .,,$(MACOSX_VERSION_MIN)) -mmacosx-version-min=$(MACOSX_VERSION_MIN)       -I$(SUPPORT_OUTPUTDIR)/modules_include/java.base       -I/Users/Chao/openjdk9/jdk/src/java.base/share/native/include       -I/Users/Chao/openjdk9/jdk/src/java.base/macosx/native/include       -I/Users/Chao/openjdk9/jdk/src/java.base/unix/native/include       -I/Users/Chao/openjdk9/jdk/src/java.base/share/native/libjava       -I/Users/Chao/openjdk9/jdk/src/java.base/unix/native/libjava   -g '
CFLAGS_TESTLIB=' -D_LITTLE_ENDIAN -DMACOSX       -D_LP64=1       -DARCH='\''"x86_64"'\'' -Dx86_64 -DDEBUG -D_ALLBSD_SOURCE -D_DARWIN_UNLIMITED_SELECT -DMAC_OS_X_VERSION_MAX_ALLOWED=$(subst .,,$(MACOSX_VERSION_MIN)) -mmacosx-version-min=$(MACOSX_VERSION_MIN)       -I$(SUPPORT_OUTPUTDIR)/modules_include/java.base       -I/Users/Chao/openjdk9/jdk/src/java.base/share/native/include       -I/Users/Chao/openjdk9/jdk/src/java.base/macosx/native/include       -I/Users/Chao/openjdk9/jdk/src/java.base/unix/native/include       -I/Users/Chao/openjdk9/jdk/src/java.base/share/native/libjava       -I/Users/Chao/openjdk9/jdk/src/java.base/unix/native/libjava   -g   '
CFLAGS_WARNINGS_ARE_ERRORS='-Werror'
CHECK_GMAKE=''
CHECK_MAKE='/usr/bin/make'
CHECK_TOOLSDIR_GMAKE=''
CHECK_TOOLSDIR_MAKE=''
CHMOD='/bin/chmod'
CMP='/usr/bin/cmp'
CODESIGN=''
COMM='/usr/bin/comm'
COMPANY_NAME='N/A'
COMPILER_BINDCMD_FILE_FLAG=''
COMPILER_COMMAND_FILE_FLAG='@'
COMPILER_SUPPORTS_TARGET_BITS_FLAG='true'
COMPILER_TARGET_BITS_FLAG='-m'
COMPILE_TYPE='native'
COMPILE_WITH_DEBUG_SYMBOLS='true'
COMPRESS_JARS='false'
CONFIGURESUPPORT_OUTPUTDIR='/Users/Chao/openjdk9/build/macosx-x86_64-normal-server-slowdebug/configure-support'
CONFIGURE_COMMAND_LINE='--with-freetype-include=/usr/local/include/freetype2 --with-freetype-lib=/usr/local/lib --with-debug-level=slowdebug --with-native-debug-symbols=internal --disable-warnings-as-errors SEPARATED_DEBUGINFO_FILES=false'
CONF_NAME='macosx-x86_64-normal-server-slowdebug'
COPYRIGHT_YEAR='2017'
COPY_DEBUG_SYMBOLS='false'
CORBA_TOPDIR='/Users/Chao/openjdk9/corba'
CP='/bin/cp'
CPIO='/usr/bin/cpio'
CPP='/usr/bin/clang -E'
CPPFLAGS=''
CREATE_BUILDJDK='false'
CUPS_CFLAGS=''
CUT='/usr/bin/cut'
CXX='/usr/bin/clang++'
CXXCPP='/usr/bin/clang++ -E'
CXXFLAGS=' -I/usr/local/include/freetype2'
CXXFLAGS_DEBUG_SYMBOLS='-g'
CXXFLAGS_JDKEXE=' -D_LITTLE_ENDIAN -DMACOSX       -D_LP64=1       -DARCH='\''"x86_64"'\'' -Dx86_64 -DDEBUG -D_ALLBSD_SOURCE -D_DARWIN_UNLIMITED_SELECT -DMAC_OS_X_VERSION_MAX_ALLOWED=$(subst .,,$(MACOSX_VERSION_MIN)) -mmacosx-version-min=$(MACOSX_VERSION_MIN)       -I$(SUPPORT_OUTPUTDIR)/modules_include/java.base       -I/Users/Chao/openjdk9/jdk/src/java.base/share/native/include       -I/Users/Chao/openjdk9/jdk/src/java.base/macosx/native/include       -I/Users/Chao/openjdk9/jdk/src/java.base/unix/native/include       -I/Users/Chao/openjdk9/jdk/src/java.base/share/native/libjava       -I/Users/Chao/openjdk9/jdk/src/java.base/unix/native/libjava   -g  '
CXXFLAGS_JDKLIB=' -D_LITTLE_ENDIAN -DMACOSX       -D_LP64=1       -DARCH='\''"x86_64"'\'' -Dx86_64 -DDEBUG -D_ALLBSD_SOURCE -D_DARWIN_UNLIMITED_SELECT -DMAC_OS_X_VERSION_MAX_ALLOWED=$(subst .,,$(MACOSX_VERSION_MIN)) -mmacosx-version-min=$(MACOSX_VERSION_MIN)       -I$(SUPPORT_OUTPUTDIR)/modules_include/java.base       -I/Users/Chao/openjdk9/jdk/src/java.base/share/native/include       -I/Users/Chao/openjdk9/jdk/src/java.base/macosx/native/include       -I/Users/Chao/openjdk9/jdk/src/java.base/unix/native/include       -I/Users/Chao/openjdk9/jdk/src/java.base/share/native/libjava       -I/Users/Chao/openjdk9/jdk/src/java.base/unix/native/libjava         -g    '
CXXFLAGS_TESTEXE=' -D_LITTLE_ENDIAN -DMACOSX       -D_LP64=1       -DARCH='\''"x86_64"'\'' -Dx86_64 -DDEBUG -D_ALLBSD_SOURCE -D_DARWIN_UNLIMITED_SELECT -DMAC_OS_X_VERSION_MAX_ALLOWED=$(subst .,,$(MACOSX_VERSION_MIN)) -mmacosx-version-min=$(MACOSX_VERSION_MIN)       -I$(SUPPORT_OUTPUTDIR)/modules_include/java.base       -I/Users/Chao/openjdk9/jdk/src/java.base/share/native/include       -I/Users/Chao/openjdk9/jdk/src/java.base/macosx/native/include       -I/Users/Chao/openjdk9/jdk/src/java.base/unix/native/include       -I/Users/Chao/openjdk9/jdk/src/java.base/share/native/libjava       -I/Users/Chao/openjdk9/jdk/src/java.base/unix/native/libjava   -g '
CXXFLAGS_TESTLIB=' -D_LITTLE_ENDIAN -DMACOSX       -D_LP64=1       -DARCH='\''"x86_64"'\'' -Dx86_64 -DDEBUG -D_ALLBSD_SOURCE -D_DARWIN_UNLIMITED_SELECT -DMAC_OS_X_VERSION_MAX_ALLOWED=$(subst .,,$(MACOSX_VERSION_MIN)) -mmacosx-version-min=$(MACOSX_VERSION_MIN)       -I$(SUPPORT_OUTPUTDIR)/modules_include/java.base       -I/Users/Chao/openjdk9/jdk/src/java.base/share/native/include       -I/Users/Chao/openjdk9/jdk/src/java.base/macosx/native/include       -I/Users/Chao/openjdk9/jdk/src/java.base/unix/native/include       -I/Users/Chao/openjdk9/jdk/src/java.base/share/native/libjava       -I/Users/Chao/openjdk9/jdk/src/java.base/unix/native/libjava   -g   '
CXXSTD_CXXFLAG=''
CXX_FLAG_DEPS='-MMD -MF'
CXX_FLAG_REORDER=''
CXX_O_FLAG_DEBUG='-O0'
CXX_O_FLAG_HI='-O0'
CXX_O_FLAG_HIGHEST='-O0'
CXX_O_FLAG_HIGHEST_JVM=''
CXX_O_FLAG_NONE='-O0'
CXX_O_FLAG_NORM='-O0'
CXX_O_FLAG_SIZE='-O0'
CXX_VERSION_NUMBER='8.1.0'
CYGPATH=''
CYGWIN_LINK=''
C_FLAG_DEPS='-MMD -MF'
C_FLAG_REORDER=''
C_O_FLAG_DEBUG='-O0'
C_O_FLAG_HI='-O0'
C_O_FLAG_HIGHEST='-O0'
C_O_FLAG_HIGHEST_JVM=''
C_O_FLAG_NONE='-O0'
C_O_FLAG_NORM='-O0'
C_O_FLAG_SIZE='-O0'
DATE='/bin/date'
DATE_WHEN_CONFIGURED='Wed Jun 28 13:37:51 NZST 2017'
DEBUG_LEVEL='slowdebug'
DEFAULT_MAKE_TARGET='exploded-image'
DEFINE_CROSS_COMPILE_ARCH=''
DEFS='-DPACKAGE_NAME=\"OpenJDK\" -DPACKAGE_TARNAME=\"openjdk\" -DPACKAGE_VERSION=\"jdk9\" -DPACKAGE_STRING=\"OpenJDK\ jdk9\" -DPACKAGE_BUGREPORT=\"build-dev@openjdk.java.net\" -DPACKAGE_URL=\"http://openjdk.java.net\" -DSTDC_HEADERS=1 -DHAVE_SYS_TYPES_H=1 -DHAVE_SYS_STAT_H=1 -DHAVE_STDLIB_H=1 -DHAVE_STRING_H=1 -DHAVE_MEMORY_H=1 -DHAVE_STRINGS_H=1 -DHAVE_INTTYPES_H=1 -DHAVE_STDINT_H=1 -DHAVE_UNISTD_H=1 -DHAVE_STDIO_H=1 -DSIZEOF_INT_P=8 -DHAVE_SYS_SDT_H=1 -DHAVE_CUPS_CUPS_H=1 -DHAVE_CUPS_PPD_H=1 -DHAVE_LIBM=1 -DHAVE_LIBDL=1'
DF='/bin/df'
DIFF='/usr/bin/diff'
DIRNAME='/usr/bin/dirname'
DISABLE_WARNING_PREFIX='-Wno-'
DOT=''
DSYMUTIL='/usr/bin/dsymutil'
DTRACE='/usr/sbin/dtrace'
DUMPBIN=''
ECHO='/bin/echo'
ECHO_C=''
ECHO_N='-n'
ECHO_T=''
EGREP='/usr/bin/grep -E'
ELF_CFLAGS=''
ELF_LIBS=''
ENABLE_AOT='false'
ENABLE_FULL_DOCS='false'
ENABLE_GENERATE_CLASSLIST='true'
ENABLE_HEADLESS_ONLY='false'
ENABLE_INTREE_EC='true'
ENABLE_JAVAC_SERVER='yes'
ENABLE_LIBFFI_BUNDLING=''
ENABLE_SJAVAC='no'
EXEEXT=''
EXE_OUT_OPTION='-o$(SPACE)'
EXE_SUFFIX=''
EXPR='/bin/expr'
EXTERNAL_BUILDJDK='false'
EXTRA_CFLAGS=''
EXTRA_CXXFLAGS=''
EXTRA_LDFLAGS=''
FGREP='/usr/bin/grep -F'
FILE='/usr/bin/file'
FIND='/usr/bin/find'
FIND_DELETE='-delete'
FIXPATH=''
FIXPATH_DETACH_FLAG=''
FREETYPE_BUNDLE_LIB_PATH='/usr/local/lib'
FREETYPE_CFLAGS='-I/usr/local/include/freetype2'
FREETYPE_LIBS='-L/usr/local/lib -lfreetype'
FREETYPE_LICENSE=''
GCOV_ENABLED='false'
GNM='/usr/bin/nm'
GREP='/usr/bin/grep'
GUNZIP='/usr/bin/gunzip'
GZIP='/usr/bin/gzip'
HEAD='/usr/bin/head'
HG='/usr/local/bin/hg'
HOTSPOT_BUILD_CPU='x86_64'
HOTSPOT_BUILD_CPU_ARCH='x86'
HOTSPOT_BUILD_CPU_DEFINE='AMD64'
HOTSPOT_BUILD_OS='bsd'
HOTSPOT_BUILD_OS_TYPE='posix'
HOTSPOT_DEBUG_LEVEL='debug'
HOTSPOT_TARGET_CPU='x86_64'
HOTSPOT_TARGET_CPU_ARCH='x86'
HOTSPOT_TARGET_CPU_DEFINE='AMD64'
HOTSPOT_TARGET_OS='bsd'
HOTSPOT_TARGET_OS_TYPE='posix'
HOTSPOT_TOOLCHAIN_TYPE='gcc'
HOTSPOT_TOPDIR='/Users/Chao/openjdk9/hotspot'
HOTSPOT_VM_DISTRO='OpenJDK'
ICECC=''
ICECC_CMD=''
ICECC_CREATE_ENV=''
ICECC_WRAPPER=''
IMPORT_MODULES_CLASSES=''
IMPORT_MODULES_CMDS=''
IMPORT_MODULES_CONF=''
IMPORT_MODULES_LEGAL=''
IMPORT_MODULES_LIBS=''
IMPORT_MODULES_MAKE=''
IMPORT_MODULES_MAN=''
IMPORT_MODULES_SRC=''
INCLUDE_GRAAL='false'
INCLUDE_SA='true'
IS_GNU_TIME='no'
JAR='/Library/Java/JavaVirtualMachines/jdk1.8.0_131.jdk/Contents/Home/bin/jar'
JARSIGNER='/Library/Java/JavaVirtualMachines/jdk1.8.0_131.jdk/Contents/Home/bin/jarsigner'
JAVA='/Library/Java/JavaVirtualMachines/jdk1.8.0_131.jdk/Contents/Home/bin/java'
JAVAC='/Library/Java/JavaVirtualMachines/jdk1.8.0_131.jdk/Contents/Home/bin/javac'
JAVAC_CHECK=''
JAVAC_FLAGS=''
JAVAH='/Library/Java/JavaVirtualMachines/jdk1.8.0_131.jdk/Contents/Home/bin/javah'
JAVA_CHECK=''
JAVA_FLAGS=' -Duser.language=en -Duser.country=US '
JAVA_FLAGS_BIG=' -Xms64M -Xmx1600M -XX:ThreadStackSize=1536'
JAVA_FLAGS_JAVAC=' -XX:+UseSerialGC -Xms32M -Xmx512M -XX:TieredStopAtLevel=1'
JAVA_FLAGS_SMALL=' -XX:+UseSerialGC -Xms32M -Xmx512M -XX:TieredStopAtLevel=1'
JAVA_TOOL_FLAGS_SMALL=' -J-XX:+UseSerialGC -J-Xms32M -J-Xmx512M -J-XX:TieredStopAtLevel=1'
JAXP_TOPDIR='/Users/Chao/openjdk9/jaxp'
JAXWS_TOPDIR='/Users/Chao/openjdk9/jaxws'
JDKEXE_LIBS=''
JDKLIB_LIBS='-ljava -ljvm'
JDK_ARCH_ABI_PROP_NAME=''
JDK_RC_PLATFORM_NAME='Platform'
JDK_TOPDIR='/Users/Chao/openjdk9/jdk'
JDK_VARIANT='normal'
JLINK='$(JDK_OUTPUTDIR)/bin/jlink'
JLINK_KEEP_PACKAGED_MODULES='true'
JMOD='$(JDK_OUTPUTDIR)/bin/jmod'
JOBS='8'
JTREGEXE=''
JT_HOME=''
JVM_ASFLAGS=' -m64 -x assembler-with-cpp -mno-omit-leaf-frame-pointer -mstack-alignment=16'
JVM_CFLAGS=' -m64 -fPIC -D_GNU_SOURCE -flimit-debug-info -D_ALLBSD_SOURCE -D_DARWIN_C_SOURCE -D_XOPEN_SOURCE -fno-rtti -fno-exceptions -fvisibility=hidden         -mno-omit-leaf-frame-pointer -mstack-alignment=16 -pipe -fno-strict-aliasing         -DMAC_OS_X_VERSION_MAX_ALLOWED=1070 -mmacosx-version-min=10.7.0         -fno-omit-frame-pointer -DVM_LITTLE_ENDIAN -D_LP64=1 -Wno-deprecated -Wpointer-arith         -Wsign-compare -Wundef -Wunused-function -Wformat=2'
JVM_CFLAGS_SYMBOLS=' -g'
JVM_FEATURES_client='all-gcs cds compiler1 dtrace fprof jni-check jvmci jvmti management nmt services vm-structs'
JVM_FEATURES_core='all-gcs cds dtrace fprof jni-check jvmti management nmt services vm-structs'
JVM_FEATURES_custom='dtrace'
JVM_FEATURES_minimal='compiler1 dtrace minimal'
JVM_FEATURES_server='all-gcs cds compiler1 compiler2 dtrace fprof jni-check jvmci jvmti management nmt services vm-structs'
JVM_FEATURES_zero='all-gcs cds dtrace fprof jni-check jvmti management nmt services vm-structs zero'
JVM_FEATURES_zeroshark='all-gcs cds dtrace fprof jni-check jvmti management nmt services shark vm-structs zero'
JVM_LDFLAGS=' -m64 -mno-omit-leaf-frame-pointer -mstack-alignment=16 -stdlib=libstdc++ -fPIC -Wl,-rpath,@loader_path/. -Wl,-rpath,@loader_path/..'
JVM_LIBS=' -lm'
JVM_RCFLAGS=''
JVM_VARIANTS='server'
JVM_VARIANT_MAIN='server'
LANGTOOLS_TOPDIR='/Users/Chao/openjdk9/langtools'
LAUNCHER_NAME='openjdk'
LCMS_CFLAGS=''
LCMS_LIBS=''
LD='/usr/bin/clang'
LDCXX='/usr/bin/clang++'
LDD='true'
LDFLAGS=''
LDFLAGS_CXX_JDK=''
LDFLAGS_HASH_STYLE=''
LDFLAGS_JDKEXE='  -mmacosx-version-min=$(MACOSX_VERSION_MIN) '
LDFLAGS_JDKLIB='  -mmacosx-version-min=$(MACOSX_VERSION_MIN) -dynamiclib -compatibility_version 1.0.0 -current_version 1.0.0           -L$(SUPPORT_OUTPUTDIR)/modules_libs/java.base             -L$(SUPPORT_OUTPUTDIR)/modules_libs/java.base/server '
LDFLAGS_TESTEXE='  -mmacosx-version-min=$(MACOSX_VERSION_MIN)           -L$(SUPPORT_OUTPUTDIR)/modules_libs/java.base             -L$(SUPPORT_OUTPUTDIR)/modules_libs/java.base/server'
LDFLAGS_TESTLIB='  -mmacosx-version-min=$(MACOSX_VERSION_MIN) -dynamiclib -compatibility_version 1.0.0 -current_version 1.0.0           -L$(SUPPORT_OUTPUTDIR)/modules_libs/java.base             -L$(SUPPORT_OUTPUTDIR)/modules_libs/java.base/server '
LD_OUT_OPTION='-o$(SPACE)'
LIBCXX=''
LIBDL='-ldl '
LIBFFI_CFLAGS=''
LIBFFI_LIBS=''
LIBFFI_LIB_FILE=''
LIBM='-lm'
LIBOBJS=''
LIBRARY_PREFIX='lib'
LIBS='-lm '
LIBZIP_CAN_USE_MMAP='true'
LIPO='/usr/bin/lipo'
LLVM_CFLAGS=''
LLVM_CONFIG=''
LLVM_LDFLAGS=''
LLVM_LIBS=''
LN='/bin/ln'
LS='/bin/ls'
LTLIBOBJS=''
MACOSX_BUNDLE_ID_BASE='net.java.openjdk'
MACOSX_BUNDLE_NAME_BASE='OpenJDK'
MACOSX_VERSION_MIN='10.7.0'
MAKE='/usr/bin/make'
MEMORY_SIZE='16384'
MKDIR='/bin/mkdir'
MKTEMP='/usr/bin/mktemp'
MSBUILD=''
MSVCP_DLL=''
MSVCR_DLL=''
MT=''
MV='/bin/mv'
NASHORN_TOPDIR='/Users/Chao/openjdk9/nashorn'
NAWK='/usr/bin/awk'
NICE='/usr/bin/nice'
NM='/usr/bin/nm'
NUM_CORES='8'
OBJCOPY=''
OBJDUMP='/usr/bin/objdump'
OBJEXT='o'
OBJ_SUFFIX='.o'
OPENJDK_BUILD_AUTOCONF_NAME='x86_64-apple-darwin16.6.0'
OPENJDK_BUILD_BUNDLE_PLATFORM='osx-x64'
OPENJDK_BUILD_CFLAGS_JDKEXE=' -D_LITTLE_ENDIAN -DMACOSX       -D_LP64=1       -DARCH='\''"x86_64"'\'' -Dx86_64 -DDEBUG -D_ALLBSD_SOURCE -D_DARWIN_UNLIMITED_SELECT -DMAC_OS_X_VERSION_MAX_ALLOWED=$(subst .,,$(MACOSX_VERSION_MIN)) -mmacosx-version-min=$(MACOSX_VERSION_MIN)       -I$(SUPPORT_OUTPUTDIR)/modules_include/java.base       -I/Users/Chao/openjdk9/jdk/src/java.base/share/native/include       -I/Users/Chao/openjdk9/jdk/src/java.base/macosx/native/include       -I/Users/Chao/openjdk9/jdk/src/java.base/unix/native/include       -I/Users/Chao/openjdk9/jdk/src/java.base/share/native/libjava       -I/Users/Chao/openjdk9/jdk/src/java.base/unix/native/libjava   -g  '
OPENJDK_BUILD_CFLAGS_JDKLIB=' -D_LITTLE_ENDIAN -DMACOSX       -D_LP64=1       -DARCH='\''"x86_64"'\'' -Dx86_64 -DDEBUG -D_ALLBSD_SOURCE -D_DARWIN_UNLIMITED_SELECT -DMAC_OS_X_VERSION_MAX_ALLOWED=$(subst .,,$(MACOSX_VERSION_MIN)) -mmacosx-version-min=$(MACOSX_VERSION_MIN)       -I$(SUPPORT_OUTPUTDIR)/modules_include/java.base       -I/Users/Chao/openjdk9/jdk/src/java.base/share/native/include       -I/Users/Chao/openjdk9/jdk/src/java.base/macosx/native/include       -I/Users/Chao/openjdk9/jdk/src/java.base/unix/native/include       -I/Users/Chao/openjdk9/jdk/src/java.base/share/native/libjava       -I/Users/Chao/openjdk9/jdk/src/java.base/unix/native/libjava         -g    '
OPENJDK_BUILD_CPU='x86_64'
OPENJDK_BUILD_CPU_ARCH='x86'
OPENJDK_BUILD_CPU_BITS='64'
OPENJDK_BUILD_CPU_ENDIAN='little'
OPENJDK_BUILD_CPU_ISADIR=''
OPENJDK_BUILD_CPU_LEGACY='x86_64'
OPENJDK_BUILD_CPU_LEGACY_LIB='amd64'
OPENJDK_BUILD_CPU_OSARCH='x86_64'
OPENJDK_BUILD_CXXFLAGS_JDKEXE=' -D_LITTLE_ENDIAN -DMACOSX       -D_LP64=1       -DARCH='\''"x86_64"'\'' -Dx86_64 -DDEBUG -D_ALLBSD_SOURCE -D_DARWIN_UNLIMITED_SELECT -DMAC_OS_X_VERSION_MAX_ALLOWED=$(subst .,,$(MACOSX_VERSION_MIN)) -mmacosx-version-min=$(MACOSX_VERSION_MIN)       -I$(SUPPORT_OUTPUTDIR)/modules_include/java.base       -I/Users/Chao/openjdk9/jdk/src/java.base/share/native/include       -I/Users/Chao/openjdk9/jdk/src/java.base/macosx/native/include       -I/Users/Chao/openjdk9/jdk/src/java.base/unix/native/include       -I/Users/Chao/openjdk9/jdk/src/java.base/share/native/libjava       -I/Users/Chao/openjdk9/jdk/src/java.base/unix/native/libjava   -g  '
OPENJDK_BUILD_CXXFLAGS_JDKLIB=' -D_LITTLE_ENDIAN -DMACOSX       -D_LP64=1       -DARCH='\''"x86_64"'\'' -Dx86_64 -DDEBUG -D_ALLBSD_SOURCE -D_DARWIN_UNLIMITED_SELECT -DMAC_OS_X_VERSION_MAX_ALLOWED=$(subst .,,$(MACOSX_VERSION_MIN)) -mmacosx-version-min=$(MACOSX_VERSION_MIN)       -I$(SUPPORT_OUTPUTDIR)/modules_include/java.base       -I/Users/Chao/openjdk9/jdk/src/java.base/share/native/include       -I/Users/Chao/openjdk9/jdk/src/java.base/macosx/native/include       -I/Users/Chao/openjdk9/jdk/src/java.base/unix/native/include       -I/Users/Chao/openjdk9/jdk/src/java.base/share/native/libjava       -I/Users/Chao/openjdk9/jdk/src/java.base/unix/native/libjava         -g    '
OPENJDK_BUILD_CXXSTD_CXXFLAG=''
OPENJDK_BUILD_JDKEXE_LIBS=''
OPENJDK_BUILD_JDKLIB_LIBS='-ljava -ljvm'
OPENJDK_BUILD_JVM_ASFLAGS=' -x assembler-with-cpp -mno-omit-leaf-frame-pointer -mstack-alignment=16'
OPENJDK_BUILD_JVM_CFLAGS=' -D_GNU_SOURCE -flimit-debug-info -D_ALLBSD_SOURCE -D_DARWIN_C_SOURCE -D_XOPEN_SOURCE -fno-rtti -fno-exceptions -fvisibility=hidden         -mno-omit-leaf-frame-pointer -mstack-alignment=16 -pipe -fno-strict-aliasing         -DMAC_OS_X_VERSION_MAX_ALLOWED=1070 -mmacosx-version-min=10.7.0         -fno-omit-frame-pointer -DVM_LITTLE_ENDIAN -D_LP64=1 -Wno-deprecated -Wpointer-arith         -Wsign-compare -Wundef -Wunused-function -Wformat=2'
OPENJDK_BUILD_JVM_LDFLAGS=' -mno-omit-leaf-frame-pointer -mstack-alignment=16 -stdlib=libstdc++ -fPIC -Wl,-rpath,@loader_path/. -Wl,-rpath,@loader_path/..'
OPENJDK_BUILD_JVM_LIBS=' -lm'
OPENJDK_BUILD_LDFLAGS_CXX_JDK=''
OPENJDK_BUILD_LDFLAGS_HASH_STYLE=''
OPENJDK_BUILD_LDFLAGS_JDKEXE='  -mmacosx-version-min=$(MACOSX_VERSION_MIN) '
OPENJDK_BUILD_LDFLAGS_JDKLIB='  -mmacosx-version-min=$(MACOSX_VERSION_MIN) -dynamiclib -compatibility_version 1.0.0 -current_version 1.0.0           -L$(SUPPORT_OUTPUTDIR)/modules_libs/java.base           -L$(SUPPORT_OUTPUTDIR)/modules_libs/java.base/server '
OPENJDK_BUILD_OS='macosx'
OPENJDK_BUILD_OS_ENV='macosx'
OPENJDK_BUILD_OS_EXPORT_DIR='macosx'
OPENJDK_BUILD_OS_TYPE='unix'
OPENJDK_MODULE_TARGET_PLATFORM='macos-amd64'
OPENJDK_TARGET_AUTOCONF_NAME='x86_64-apple-darwin16.6.0'
OPENJDK_TARGET_BUNDLE_PLATFORM='osx-x64'
OPENJDK_TARGET_CPU='x86_64'
OPENJDK_TARGET_CPU_ARCH='x86'
OPENJDK_TARGET_CPU_BITS='64'
OPENJDK_TARGET_CPU_ENDIAN='little'
OPENJDK_TARGET_CPU_ISADIR=''
OPENJDK_TARGET_CPU_LEGACY='x86_64'
OPENJDK_TARGET_CPU_LEGACY_LIB='amd64'
OPENJDK_TARGET_CPU_OSARCH='x86_64'
OPENJDK_TARGET_OS='macosx'
OPENJDK_TARGET_OS_ENV='macosx'
OPENJDK_TARGET_OS_EXPORT_DIR='macosx'
OPENJDK_TARGET_OS_TYPE='unix'
ORIGINAL_PATH='/usr/local/bin:/usr/bin:/bin:/usr/sbin:/sbin:/usr/local/go/bin:/Applications/Wireshark.app/Contents/MacOS'
ORIGINAL_TOPDIR='/Users/Chao/openjdk9'
OS_VERSION_MAJOR='16'
OS_VERSION_MICRO='0'
OS_VERSION_MINOR='6'
OTOOL='/usr/bin/otool'
OUTPUT_ROOT='/Users/Chao/openjdk9/build/macosx-x86_64-normal-server-slowdebug'
OUTPUT_SYNC=''
OUTPUT_SYNC_SUPPORTED='false'
PACKAGE_BUGREPORT='build-dev@openjdk.java.net'
PACKAGE_NAME='OpenJDK'
PACKAGE_PATH='/opt/local'
PACKAGE_STRING='OpenJDK jdk9'
PACKAGE_TARNAME='openjdk'
PACKAGE_URL='http://openjdk.java.net'
PACKAGE_VERSION='jdk9'
PANDOC=''
PATCH='/usr/bin/patch'
PATH_SEP=':'
PATH_SEPARATOR=':'
PKGHANDLER='brew'
PKG_CONFIG=''
PNG_CFLAGS=''
PNG_LIBS=''
POTENTIAL_CC='/usr/bin/clang'
POTENTIAL_CXX='/usr/bin/clang++'
PRINTF='/usr/bin/printf'
PRODUCT_NAME='OpenJDK'
PRODUCT_SUFFIX='Runtime Environment'
RC=''
RC_FLAGS=''
READELF=''
READLINK=''
RELEASE_FILE_OS_ARCH='x86_64'
RELEASE_FILE_OS_NAME='Darwin'
RM='/bin/rm -f'
RMDIR='/bin/rmdir'
SDKROOT=''
SED='/usr/bin/sed'
SETFILE='/usr/bin/SetFile'
SET_EXECUTABLE_ORIGIN='-Wl,-rpath,@loader_path$(or $1,/.)'
SET_SHARED_LIBRARY_MAPFILE='-Wl,-exported_symbols_list,$1'
SET_SHARED_LIBRARY_NAME='-Wl,-install_name,@rpath/$1'
SET_SHARED_LIBRARY_ORIGIN='-Wl,-rpath,@loader_path$(or $1,/.)'
SH='/bin/sh'
SHARED_LIBRARY='lib$1.dylib'
SHARED_LIBRARY_FLAGS='-dynamiclib -compatibility_version 1.0.0 -current_version 1.0.0 '
SHARED_LIBRARY_SUFFIX='.dylib'
SHELL='/bin/bash'
SJAVAC_SERVER_JAVA='/Library/Java/JavaVirtualMachines/jdk1.8.0_131.jdk/Contents/Home/bin/java'
SJAVAC_SERVER_JAVA_FLAGS=' -d64 -Xms512M -Xmx2048M'
SORT='/usr/bin/sort'
SPEC='/Users/Chao/openjdk9/build/macosx-x86_64-normal-server-slowdebug/spec.gmk'
STAT='/usr/bin/stat'
STATIC_BUILD='false'
STATIC_LIBRARY='lib$1.a'
STATIC_LIBRARY_SUFFIX='.a'
STLPORT_LIB=''
STRIP='/usr/bin/strip'
STRIPFLAGS='-S'
SYSROOT_CFLAGS=' -iframework /System/Library/Frameworks -F /System/Library/Frameworks/JavaVM.framework/Frameworks'
SYSROOT_LDFLAGS=' -iframework /System/Library/Frameworks -F /System/Library/Frameworks/JavaVM.framework/Frameworks'
TAIL='/usr/bin/tail'
TAR='/usr/bin/tar'
TAR_CREATE_EXTRA_PARAM=''
TAR_INCLUDE_PARAM='I'
TAR_SUPPORTS_TRANSFORM='false'
TAR_TYPE='bsd'
TEE='/usr/bin/tee'
TEST_JOBS='0'
TIME='/usr/bin/time'
TOOLCHAIN_PATH_CC=''
TOOLCHAIN_PATH_CXX=''
TOOLCHAIN_TYPE='clang'
TOOLCHAIN_VERSION='8.3.3'
TOPDIR='/Users/Chao/openjdk9'
TOUCH='/usr/bin/touch'
TR='/usr/bin/tr'
UNAME='/usr/bin/uname'
UNIQ='/usr/bin/uniq'
UNLIMITED_CRYPTO='true'
UNZIP='/usr/bin/unzip'
USERNAME='Chao'
USE_EXTERNAL_LCMS='false'
USE_EXTERNAL_LIBGIF='false'
USE_EXTERNAL_LIBJPEG='false'
USE_EXTERNAL_LIBPNG='false'
USE_EXTERNAL_LIBZ='true'
USE_PRECOMPILED_HEADER='true'
USING_BROKEN_SUSE_LD='no'
VALID_JVM_FEATURES='compiler1 compiler2 zero shark minimal dtrace jvmti jvmci     graal fprof vm-structs jni-check services management all-gcs nmt cds     static-build link-time-opt aot'
VALID_JVM_VARIANTS='server client minimal core zero zeroshark custom'
VERSION_BUILD='0'
VERSION_IS_GA='false'
VERSION_MAJOR='9'
VERSION_MINOR='0'
VERSION_NUMBER='9'
VERSION_NUMBER_FOUR_POSITIONS='9.0.0.0'
VERSION_OPT='adhoc.Chao.openjdk9'
VERSION_PATCH='0'
VERSION_PRE='internal'
VERSION_SECURITY='0'
VERSION_SHORT='9-internal'
VERSION_STRING='9-internal+0-adhoc.Chao.openjdk9'
VS_INCLUDE=''
VS_LIB=''
VS_PATH=''
WARNINGS_AS_ERRORS='false'
WC='/usr/bin/wc'
WHICH='/usr/bin/which'
XARGS='/usr/bin/xargs'
XATTR='/usr/bin/xattr'
XCODEBUILD='/usr/bin/xcodebuild'
XMKMF=''
X_CFLAGS=''
X_EXTRA_LIBS=''
X_LIBS=''
X_PRE_LIBS=''
ZIPEXE='/usr/bin/zip'
ZIP_EXTERNAL_DEBUG_SYMBOLS='false'
ac_ct_AR='ar'
ac_ct_CC=''
ac_ct_CXX=''
ac_ct_NM='nm'
ac_ct_OBJCOPY=''
ac_ct_OBJDUMP='objdump'
ac_ct_STRIP='strip'
bindir='${exec_prefix}/bin'
build='x86_64-apple-darwin16.6.0'
build_alias=''
build_cpu='x86_64'
build_os='darwin16.6.0'
build_vendor='apple'
datadir='${datarootdir}'
datarootdir='${prefix}/share'
docdir='${datarootdir}/doc/${PACKAGE_TARNAME}'
dvidir='${docdir}'
exec_prefix='${prefix}'
host='x86_64-apple-darwin16.6.0'
host_alias=''
host_cpu='x86_64'
host_os='darwin16.6.0'
host_vendor='apple'
htmldir='${docdir}'
includedir='${prefix}/include'
infodir='${datarootdir}/info'
libdir='${exec_prefix}/lib'
libexecdir='${exec_prefix}/libexec'
localedir='${datarootdir}/locale'
localstatedir='${prefix}/var'
mandir='${datarootdir}/man'
oldincludedir='/usr/include'
pdfdir='${docdir}'
prefix='/usr/local'
program_transform_name='s,x,x,'
psdir='${docdir}'
sbindir='${exec_prefix}/sbin'
sharedstatedir='${prefix}/com'
sysconfdir='${prefix}/etc'
target='x86_64-apple-darwin16.6.0'
target_alias=''
target_cpu='x86_64'
target_os='darwin16.6.0'
target_vendor='apple'

## ----------- ##
## confdefs.h. ##
## ----------- ##

/* confdefs.h */
#define PACKAGE_NAME "OpenJDK"
#define PACKAGE_TARNAME "openjdk"
#define PACKAGE_VERSION "jdk9"
#define PACKAGE_STRING "OpenJDK jdk9"
#define PACKAGE_BUGREPORT "build-dev@openjdk.java.net"
#define PACKAGE_URL "http://openjdk.java.net"
#define STDC_HEADERS 1
#define HAVE_SYS_TYPES_H 1
#define HAVE_SYS_STAT_H 1
#define HAVE_STDLIB_H 1
#define HAVE_STRING_H 1
#define HAVE_MEMORY_H 1
#define HAVE_STRINGS_H 1
#define HAVE_INTTYPES_H 1
#define HAVE_STDINT_H 1
#define HAVE_UNISTD_H 1
#define HAVE_STDIO_H 1
#define SIZEOF_INT_P 8
#define HAVE_SYS_SDT_H 1
#define HAVE_CUPS_CUPS_H 1
#define HAVE_CUPS_PPD_H 1
#define HAVE_LIBM 1
#define HAVE_LIBDL 1

configure: exit 0
